<?xml version="1.0" encoding="UTF-8"?>
<!-- Generated by org.testng.reporters.JUnitReportReporter -->
<testsuite hostname="DESKTOP-6M9GUQS" failures="0" tests="1" name="bus.UiPratice3.EndtoEnd_BusBooking" time="26.945" errors="0" timestamp="22 Aug 2020 12:10:43 GMT" skipped="0">
  <testcase classname="bus.UiPratice3.EndtoEnd_BusBooking" name="bookBusSeats_HappyFlow" time="26.945"/>
</testsuite> <!-- bus.UiPratice3.EndtoEnd_BusBooking -->
