<?xml version="1.0" encoding="UTF-8"?>
<!-- Generated by org.testng.reporters.JUnitReportReporter -->
<testsuite hostname="DESKTOP-6M9GUQS" failures="0" tests="1" name="bus.Booking.EndtoEnd_BusBooking" time="26.317" errors="0" timestamp="24 Aug 2020 10:03:21 GMT" skipped="0">
  <testcase classname="bus.Booking.EndtoEnd_BusBooking" name="bookBusSeats_HappyFlow" time="26.317"/>
</testsuite> <!-- bus.Booking.EndtoEnd_BusBooking -->
